d:\level - 04\imageprocessing\lecturelabsessions\lecturelabsessions_mat_structure_loadimage\lecturelabsessions\x64\debug\lecturelabsessions.pch
d:\level - 04\imageprocessing\lecturelabsessions\lecturelabsessions_mat_structure_loadimage\lecturelabsessions\x64\debug\vc141.pdb
d:\level - 04\imageprocessing\lecturelabsessions\lecturelabsessions_mat_structure_loadimage\lecturelabsessions\x64\debug\vc141.idb
d:\level - 04\imageprocessing\lecturelabsessions\lecturelabsessions_mat_structure_loadimage\lecturelabsessions\x64\debug\stdafx.obj
d:\level - 04\imageprocessing\lecturelabsessions\lecturelabsessions_mat_structure_loadimage\lecturelabsessions\x64\debug\lecturelabsessions.obj
d:\level - 04\imageprocessing\lecturelabsessions\lecturelabsessions_mat_structure_convert_to_grayscale\lecturelabsessions\x64\debug\lecturelabsessions.pch
d:\level - 04\imageprocessing\lecturelabsessions\lecturelabsessions_mat_structure_convert_to_grayscale\lecturelabsessions\x64\debug\vc141.pdb
d:\level - 04\imageprocessing\lecturelabsessions\lecturelabsessions_mat_structure_convert_to_grayscale\lecturelabsessions\x64\debug\vc141.idb
d:\level - 04\imageprocessing\lecturelabsessions\lecturelabsessions_mat_structure_convert_to_grayscale\lecturelabsessions\x64\debug\stdafx.obj
d:\level - 04\imageprocessing\lecturelabsessions\lecturelabsessions_mat_structure_convert_to_grayscale\lecturelabsessions\x64\debug\lecturelabsessions.obj
d:\level - 04\imageprocessing\lecturelabsessions\lecturelabsessions_mat_structure_convert_to_grayscale_using_rgb_equation\lecturelabsessions\x64\debug\lecturelabsessions.pch
d:\level - 04\imageprocessing\lecturelabsessions\lecturelabsessions_mat_structure_convert_to_grayscale_using_rgb_equation\lecturelabsessions\x64\debug\vc141.pdb
d:\level - 04\imageprocessing\lecturelabsessions\lecturelabsessions_mat_structure_convert_to_grayscale_using_rgb_equation\lecturelabsessions\x64\debug\vc141.idb
d:\level - 04\imageprocessing\lecturelabsessions\lecturelabsessions_mat_structure_convert_to_grayscale_using_rgb_equation\lecturelabsessions\x64\debug\stdafx.obj
d:\level - 04\imageprocessing\lecturelabsessions\lecturelabsessions_mat_structure_convert_to_grayscale_using_rgb_equation\lecturelabsessions\x64\debug\lecturelabsessions.obj
d:\level - 04\imageprocessing\lecturelabsessions\lecturelabsessions_mat_structure_loadimage\x64\debug\lecturelabsessions.exe
d:\level - 04\imageprocessing\lecturelabsessions\lecturelabsessions_mat_structure_loadimage\x64\debug\lecturelabsessions.ilk
d:\level - 04\imageprocessing\lecturelabsessions\lecturelabsessions_mat_structure_loadimage\x64\debug\lecturelabsessions.pdb
d:\level - 04\imageprocessing\lecturelabsessions\lecturelabsessions_mat_structure_convert_to_grayscale\x64\debug\lecturelabsessions.exe
d:\level - 04\imageprocessing\lecturelabsessions\lecturelabsessions_mat_structure_convert_to_grayscale\x64\debug\lecturelabsessions.ilk
d:\level - 04\imageprocessing\lecturelabsessions\lecturelabsessions_mat_structure_convert_to_grayscale\x64\debug\lecturelabsessions.pdb
d:\level - 04\imageprocessing\lecturelabsessions\lecturelabsessions_mat_structure_convert_to_grayscale_using_rgb_equation\x64\debug\lecturelabsessions.exe
d:\level - 04\imageprocessing\lecturelabsessions\lecturelabsessions_mat_structure_convert_to_grayscale_using_rgb_equation\x64\debug\lecturelabsessions.ilk
d:\level - 04\imageprocessing\lecturelabsessions\lecturelabsessions_mat_structure_convert_to_grayscale_using_rgb_equation\x64\debug\lecturelabsessions.pdb
d:\level - 04\imageprocessing\lecturelabsessions\lecturelabsessions_mat_structure_convert_to_grayscale_using_rgb_equation\lecturelabsessions\x64\debug\lecturel.8c8199b4.tlog\cl.command.1.tlog
d:\level - 04\imageprocessing\lecturelabsessions\lecturelabsessions_mat_structure_convert_to_grayscale_using_rgb_equation\lecturelabsessions\x64\debug\lecturel.8c8199b4.tlog\cl.read.1.tlog
d:\level - 04\imageprocessing\lecturelabsessions\lecturelabsessions_mat_structure_convert_to_grayscale_using_rgb_equation\lecturelabsessions\x64\debug\lecturel.8c8199b4.tlog\cl.write.1.tlog
d:\level - 04\imageprocessing\lecturelabsessions\lecturelabsessions_mat_structure_convert_to_grayscale_using_rgb_equation\lecturelabsessions\x64\debug\lecturel.8c8199b4.tlog\link.command.1.tlog
d:\level - 04\imageprocessing\lecturelabsessions\lecturelabsessions_mat_structure_convert_to_grayscale_using_rgb_equation\lecturelabsessions\x64\debug\lecturel.8c8199b4.tlog\link.read.1.tlog
d:\level - 04\imageprocessing\lecturelabsessions\lecturelabsessions_mat_structure_convert_to_grayscale_using_rgb_equation\lecturelabsessions\x64\debug\lecturel.8c8199b4.tlog\link.write.1.tlog
